#
# A fatal error has been detected by the Java Runtime Environment:
#
#  Internal Error (javaCalls.cpp:51), pid=6340, tid=0x0000000000002818
#  guarantee(thread->is_Java_thread()) failed: crucial check - the VM thread cannot and must not escape to Java code
#
# JRE version: Java(TM) SE Runtime Environment (8.0_211-b12) (build 1.8.0_211-b12)
# Java VM: Java HotSpot(TM) 64-Bit Server VM (25.211-b12 mixed mode windows-amd64 compressed oops)
# Failed to write core dump. Minidumps are not enabled by default on client versions of Windows
#
# If you would like to submit a bug report, please visit:
#   http://bugreport.java.com/bugreport/crash.jsp
#

---------------  T H R E A D  ---------------

Current thread (0x000000001c23a000):  VMThread [stack: 0x000000001df20000,0x000000001e020000] [id=10264]

Stack: [0x000000001df20000,0x000000001e020000]
[error occurred during error reporting (printing stack bounds), id 0xc0000005]

Native frames: (J=compiled Java code, j=interpreted, Vv=VM code, C=native code)

VM_Operation (0x000000001ed5f660): GetOrSetLocal, mode: safepoint, requested by thread 0x000000001e05f800


---------------  P R O C E S S  ---------------

Java Threads: ( => current thread )
  0x000000001f6bd000 JavaThread "Hibernate Connection Pool Validation Thread" daemon [_thread_blocked, id=996, stack(0x0000000022200000,0x0000000022300000)]
  0x00000000206a4800 JavaThread "JMX server connection timeout 19" daemon [_thread_blocked, id=7468, stack(0x0000000023a60000,0x0000000023b60000)]
  0x00000000206a3000 JavaThread "RMI Scheduler(0)" daemon [_thread_blocked, id=5180, stack(0x0000000023960000,0x0000000023a60000)]
  0x0000000020c41800 JavaThread "RMI TCP Connection(idle)" daemon [_thread_blocked, id=13892, stack(0x0000000023300000,0x0000000023400000)]
  0x0000000020bc9000 JavaThread "RMI TCP Accept-0" daemon [_thread_in_native, id=14540, stack(0x0000000023660000,0x0000000023760000)]
  0x000000001f8c6800 JavaThread "ReaderThread" [_thread_in_native, id=14652, stack(0x000000001fd60000,0x000000001fe60000)]
  0x000000001e2e3000 JavaThread "Service Thread" daemon [_thread_blocked, id=12180, stack(0x000000001f360000,0x000000001f460000)]
  0x000000001e2d0000 JavaThread "C1 CompilerThread3" daemon [_thread_blocked, id=13204, stack(0x000000001f260000,0x000000001f360000)]
  0x000000001e2cf800 JavaThread "C2 CompilerThread2" daemon [_thread_blocked, id=6580, stack(0x000000001f160000,0x000000001f260000)]
  0x000000001e2c9800 JavaThread "C2 CompilerThread1" daemon [_thread_blocked, id=2964, stack(0x000000001f060000,0x000000001f160000)]
  0x000000001e2c8800 JavaThread "C2 CompilerThread0" daemon [_thread_blocked, id=10620, stack(0x000000001ef60000,0x000000001f060000)]
  0x000000001e06c000 JavaThread "JDWP Command Reader" daemon [_thread_in_native, id=9384, stack(0x000000001ee60000,0x000000001ef60000)]
  0x000000001e06b000 JavaThread "JDWP Event Helper Thread" daemon [_thread_blocked, id=12736, stack(0x000000001ed60000,0x000000001ee60000)]
  0x000000001e05f800 JavaThread "JDWP Transport Listener: dt_socket" daemon [_thread_blocked, id=13200, stack(0x000000001ec60000,0x000000001ed60000)]
  0x000000001e056000 JavaThread "Attach Listener" daemon [_thread_blocked, id=11340, stack(0x000000001e820000,0x000000001e920000)]
  0x000000001e055000 JavaThread "Signal Dispatcher" daemon [_thread_blocked, id=14180, stack(0x000000001e720000,0x000000001e820000)]
  0x000000001e040800 JavaThread "Finalizer" daemon [_thread_blocked, id=13780, stack(0x000000001e520000,0x000000001e620000)]
  0x00000000027fe000 JavaThread "Reference Handler" daemon [_thread_blocked, id=13596, stack(0x000000001e420000,0x000000001e520000)]
  0x0000000002704000 JavaThread "main" [_thread_blocked, id=1896, stack(0x0000000002410000,0x0000000002510000)]

Other Threads:
=>0x000000001c23a000 VMThread [stack: 0x000000001df20000,0x000000001e020000] [id=10264]
  0x000000001e3f7000 WatcherThread [stack: 0x000000001f460000,0x000000001f560000] [id=12324]

VM state:at safepoint (normal execution)

VM Mutex/Monitor currently owned by a thread:  ([mutex/lock_event])
[0x00000000027017d0] Threads_lock - owner thread: 0x000000001c23a000

heap address: 0x00000006c1800000, size: 4072 MB, Compressed Oops mode: Zero based, Oop shift amount: 3
Narrow klass base: 0x0000000000000000, Narrow klass shift: 3
Compressed class space size: 1073741824 Address: 0x00000007c0000000

Heap:
 PSYoungGen      total 98816K, used 14941K [0x000000076b300000, 0x0000000771b00000, 0x00000007c0000000)
  eden space 92160K, 9% used [0x000000076b300000,0x000000076bb77c90,0x0000000770d00000)
  from space 6656K, 94% used [0x0000000771380000,0x000000077199f7b8,0x0000000771a00000)
  to   space 6656K, 0% used [0x0000000770d00000,0x0000000770d00000,0x0000000771380000)
 ParOldGen       total 107520K, used 6007K [0x00000006c1800000, 0x00000006c8100000, 0x000000076b300000)
  object space 107520K, 5% used [0x00000006c1800000,0x00000006c1dddd20,0x00000006c8100000)
 Metaspace       used 34791K, capacity 35296K, committed 35496K, reserved 1079296K
  class space    used 4692K, capacity 4832K, committed 4864K, reserved 1048576K

Card table byte_map: [0x0000000011bc0000,0x00000000123c0000] byte_map_base: 0x000000000e5b4000

Marking Bits: (ParMarkBitMap*) 0x000000006de05ce0
 Begin Bits: [0x0000000013110000, 0x00000000170b0000)
 End Bits:   [0x00000000170b0000, 0x000000001b050000)

Polling page: 0x00000000006d0000

CodeCache: size=245760Kb used=9902Kb max_used=11401Kb free=235858Kb
 bounds [0x0000000002800000, 0x0000000003350000, 0x0000000011800000]
 total_blobs=2804 nmethods=2318 adapters=405
 compilation: enabled

Compilation events (10 events):
Event: 42.178 Thread 0x000000001e2d0000 2575   !   3       java.io.ObjectInputStream$BlockDataInputStream::readUTFSpan (502 bytes)
Event: 42.180 Thread 0x000000001e2d0000 nmethod 2575 0x0000000002cf7c10 code [0x0000000002cf7e80, 0x0000000002cf8ee8]
Event: 182.209 Thread 0x000000001e2d0000 2576       1       java.net.NetworkInterface::access$000 (5 bytes)
Event: 182.209 Thread 0x000000001e2d0000 nmethod 2576 0x0000000002c17390 code [0x0000000002c174e0, 0x0000000002c175d0]
Event: 242.442 Thread 0x000000001e2d0000 2578       3       java.net.NetworkInterface::<init> (15 bytes)
Event: 242.442 Thread 0x000000001e2d0000 nmethod 2578 0x000000000291af10 code [0x000000000291b060, 0x000000000291b230]
Event: 242.442 Thread 0x000000001e2d0000 2577       1       java.net.InetAddress::holder (5 bytes)
Event: 242.442 Thread 0x000000001e2d0000 nmethod 2577 0x0000000002bd08d0 code [0x0000000002bd0a20, 0x0000000002bd0b30]
Event: 243.092 Thread 0x000000001e2d0000 2579       3       java.util.concurrent.locks.AbstractQueuedSynchronizer::setState (6 bytes)
Event: 243.093 Thread 0x000000001e2d0000 nmethod 2579 0x0000000002c7d950 code [0x0000000002c7daa0, 0x0000000002c7dbf0]

GC Heap History (10 events):
Event: 2.395 GC heap before
{Heap before GC invocations=3 (full 0):
 PSYoungGen      total 76288K, used 55873K [0x000000076b300000, 0x0000000770800000, 0x00000007c0000000)
  eden space 65536K, 76% used [0x000000076b300000,0x000000076e3f2c88,0x000000076f300000)
  from space 10752K, 53% used [0x000000076fd80000,0x000000077031d7a8,0x0000000770800000)
  to   space 10752K, 0% used [0x000000076f300000,0x000000076f300000,0x000000076fd80000)
 ParOldGen       total 175104K, used 24K [0x00000006c1800000, 0x00000006cc300000, 0x000000076b300000)
  object space 175104K, 0% used [0x00000006c1800000,0x00000006c1806000,0x00000006cc300000)
 Metaspace       used 20857K, capacity 21208K, committed 21296K, reserved 1069056K
  class space    used 2547K, capacity 2656K, committed 2688K, reserved 1048576K
Event: 2.401 GC heap after
Heap after GC invocations=3 (full 0):
 PSYoungGen      total 76288K, used 6106K [0x000000076b300000, 0x0000000770800000, 0x00000007c0000000)
  eden space 65536K, 0% used [0x000000076b300000,0x000000076b300000,0x000000076f300000)
  from space 10752K, 56% used [0x000000076f300000,0x000000076f8f6af8,0x000000076fd80000)
  to   space 10752K, 0% used [0x000000076fd80000,0x000000076fd80000,0x0000000770800000)
 ParOldGen       total 175104K, used 96K [0x00000006c1800000, 0x00000006cc300000, 0x000000076b300000)
  object space 175104K, 0% used [0x00000006c1800000,0x00000006c1818010,0x00000006cc300000)
 Metaspace       used 20857K, capacity 21208K, committed 21296K, reserved 1069056K
  class space    used 2547K, capacity 2656K, committed 2688K, reserved 1048576K
}
Event: 2.401 GC heap before
{Heap before GC invocations=4 (full 1):
 PSYoungGen      total 76288K, used 6106K [0x000000076b300000, 0x0000000770800000, 0x00000007c0000000)
  eden space 65536K, 0% used [0x000000076b300000,0x000000076b300000,0x000000076f300000)
  from space 10752K, 56% used [0x000000076f300000,0x000000076f8f6af8,0x000000076fd80000)
  to   space 10752K, 0% used [0x000000076fd80000,0x000000076fd80000,0x0000000770800000)
 ParOldGen       total 175104K, used 96K [0x00000006c1800000, 0x00000006cc300000, 0x000000076b300000)
  object space 175104K, 0% used [0x00000006c1800000,0x00000006c1818010,0x00000006cc300000)
 Metaspace       used 20857K, capacity 21208K, committed 21296K, reserved 1069056K
  class space    used 2547K, capacity 2656K, committed 2688K, reserved 1048576K
Event: 2.429 GC heap after
Heap after GC invocations=4 (full 1):
 PSYoungGen      total 76288K, used 0K [0x000000076b300000, 0x0000000770800000, 0x00000007c0000000)
  eden space 65536K, 0% used [0x000000076b300000,0x000000076b300000,0x000000076f300000)
  from space 10752K, 0% used [0x000000076f300000,0x000000076f300000,0x000000076fd80000)
  to   space 10752K, 0% used [0x000000076fd80000,0x000000076fd80000,0x0000000770800000)
 ParOldGen       total 107520K, used 5983K [0x00000006c1800000, 0x00000006c8100000, 0x000000076b300000)
  object space 107520K, 5% used [0x00000006c1800000,0x00000006c1dd7d20,0x00000006c8100000)
 Metaspace       used 20857K, capacity 21208K, committed 21296K, reserved 1069056K
  class space    used 2547K, capacity 2656K, committed 2688K, reserved 1048576K
}
Event: 3.089 GC heap before
{Heap before GC invocations=5 (full 1):
 PSYoungGen      total 76288K, used 65536K [0x000000076b300000, 0x0000000770800000, 0x00000007c0000000)
  eden space 65536K, 100% used [0x000000076b300000,0x000000076f300000,0x000000076f300000)
  from space 10752K, 0% used [0x000000076f300000,0x000000076f300000,0x000000076fd80000)
  to   space 10752K, 0% used [0x000000076fd80000,0x000000076fd80000,0x0000000770800000)
 ParOldGen       total 107520K, used 5983K [0x00000006c1800000, 0x00000006c8100000, 0x000000076b300000)
  object space 107520K, 5% used [0x00000006c1800000,0x00000006c1dd7d20,0x00000006c8100000)
 Metaspace       used 25991K, capacity 26414K, committed 26624K, reserved 1073152K
  class space    used 3377K, capacity 3511K, committed 3584K, reserved 1048576K
Event: 3.092 GC heap after
Heap after GC invocations=5 (full 1):
 PSYoungGen      total 76288K, used 5137K [0x000000076b300000, 0x0000000772380000, 0x00000007c0000000)
  eden space 65536K, 0% used [0x000000076b300000,0x000000076b300000,0x000000076f300000)
  from space 10752K, 47% used [0x000000076fd80000,0x0000000770284460,0x0000000770800000)
  to   space 10752K, 0% used [0x000000076f300000,0x000000076f300000,0x000000076fd80000)
 ParOldGen       total 107520K, used 5991K [0x00000006c1800000, 0x00000006c8100000, 0x000000076b300000)
  object space 107520K, 5% used [0x00000006c1800000,0x00000006c1dd9d20,0x00000006c8100000)
 Metaspace       used 25991K, capacity 26414K, committed 26624K, reserved 1073152K
  class space    used 3377K, capacity 3511K, committed 3584K, reserved 1048576K
}
Event: 3.810 GC heap before
{Heap before GC invocations=6 (full 1):
 PSYoungGen      total 76288K, used 70673K [0x000000076b300000, 0x0000000772380000, 0x00000007c0000000)
  eden space 65536K, 100% used [0x000000076b300000,0x000000076f300000,0x000000076f300000)
  from space 10752K, 47% used [0x000000076fd80000,0x0000000770284460,0x0000000770800000)
  to   space 10752K, 0% used [0x000000076f300000,0x000000076f300000,0x000000076fd80000)
 ParOldGen       total 107520K, used 5991K [0x00000006c1800000, 0x00000006c8100000, 0x000000076b300000)
  object space 107520K, 5% used [0x00000006c1800000,0x00000006c1dd9d20,0x00000006c8100000)
 Metaspace       used 31048K, capacity 31520K, committed 31872K, reserved 1077248K
  class space    used 4024K, capacity 4166K, committed 4224K, reserved 1048576K
Event: 3.814 GC heap after
Heap after GC invocations=6 (full 1):
 PSYoungGen      total 76288K, used 5401K [0x000000076b300000, 0x0000000771a00000, 0x00000007c0000000)
  eden space 65536K, 0% used [0x000000076b300000,0x000000076b300000,0x000000076f300000)
  from space 10752K, 50% used [0x000000076f300000,0x000000076f846728,0x000000076fd80000)
  to   space 6656K, 0% used [0x0000000771380000,0x0000000771380000,0x0000000771a00000)
 ParOldGen       total 107520K, used 5999K [0x00000006c1800000, 0x00000006c8100000, 0x000000076b300000)
  object space 107520K, 5% used [0x00000006c1800000,0x00000006c1ddbd20,0x00000006c8100000)
 Metaspace       used 31048K, capacity 31520K, committed 31872K, reserved 1077248K
  class space    used 4024K, capacity 4166K, committed 4224K, reserved 1048576K
}
Event: 4.489 GC heap before
{Heap before GC invocations=7 (full 1):
 PSYoungGen      total 76288K, used 70937K [0x000000076b300000, 0x0000000771a00000, 0x00000007c0000000)
  eden space 65536K, 100% used [0x000000076b300000,0x000000076f300000,0x000000076f300000)
  from space 10752K, 50% used [0x000000076f300000,0x000000076f846728,0x000000076fd80000)
  to   space 6656K, 0% used [0x0000000771380000,0x0000000771380000,0x0000000771a00000)
 ParOldGen       total 107520K, used 5999K [0x00000006c1800000, 0x00000006c8100000, 0x000000076b300000)
  object space 107520K, 5% used [0x00000006c1800000,0x00000006c1ddbd20,0x00000006c8100000)
 Metaspace       used 34638K, capacity 35148K, committed 35496K, reserved 1079296K
  class space    used 4672K, capacity 4826K, committed 4864K, reserved 1048576K
Event: 4.496 GC heap after
Heap after GC invocations=7 (full 1):
 PSYoungGen      total 98816K, used 6269K [0x000000076b300000, 0x0000000771b00000, 0x00000007c0000000)
  eden space 92160K, 0% used [0x000000076b300000,0x000000076b300000,0x0000000770d00000)
  from space 6656K, 94% used [0x0000000771380000,0x000000077199f7b8,0x0000000771a00000)
  to   space 6656K, 0% used [0x0000000770d00000,0x0000000770d00000,0x0000000771380000)
 ParOldGen       total 107520K, used 6007K [0x00000006c1800000, 0x00000006c8100000, 0x000000076b300000)
  object space 107520K, 5% used [0x00000006c1800000,0x00000006c1dddd20,0x00000006c8100000)
 Metaspace       used 34638K, capacity 35148K, committed 35496K, reserved 1079296K
  class space    used 4672K, capacity 4826K, committed 4864K, reserved 1048576K
}

Deoptimization events (10 events):
Event: 4.531 Thread 0x0000000002704000 Uncommon trap: reason=unhandled action=none pc=0x00000000030adf60 method=java.net.URLClassLoader.findClass(Ljava/lang/String;)Ljava/lang/Class; @ 44
Event: 4.532 Thread 0x0000000002704000 Uncommon trap: reason=unhandled action=none pc=0x00000000030adf60 method=java.net.URLClassLoader.findClass(Ljava/lang/String;)Ljava/lang/Class; @ 44
Event: 4.533 Thread 0x0000000002704000 Uncommon trap: reason=unhandled action=none pc=0x00000000030adf60 method=java.net.URLClassLoader.findClass(Ljava/lang/String;)Ljava/lang/Class; @ 44
Event: 4.534 Thread 0x0000000002704000 Uncommon trap: reason=unhandled action=none pc=0x00000000030adf60 method=java.net.URLClassLoader.findClass(Ljava/lang/String;)Ljava/lang/Class; @ 44
Event: 4.534 Thread 0x0000000002704000 Uncommon trap: reason=unhandled action=none pc=0x00000000030adf60 method=java.net.URLClassLoader.findClass(Ljava/lang/String;)Ljava/lang/Class; @ 44
Event: 4.535 Thread 0x0000000002704000 Uncommon trap: reason=unhandled action=none pc=0x00000000030adf60 method=java.net.URLClassLoader.findClass(Ljava/lang/String;)Ljava/lang/Class; @ 44
Event: 4.536 Thread 0x0000000002704000 Uncommon trap: reason=unhandled action=none pc=0x00000000030adf60 method=java.net.URLClassLoader.findClass(Ljava/lang/String;)Ljava/lang/Class; @ 44
Event: 4.536 Thread 0x0000000002704000 Uncommon trap: reason=unhandled action=none pc=0x00000000030adf60 method=java.net.URLClassLoader.findClass(Ljava/lang/String;)Ljava/lang/Class; @ 44
Event: 4.537 Thread 0x0000000002704000 Uncommon trap: reason=unhandled action=none pc=0x00000000030adf60 method=java.net.URLClassLoader.findClass(Ljava/lang/String;)Ljava/lang/Class; @ 44
Event: 16.661 Thread 0x0000000020c41800 Uncommon trap: reason=predicate action=maybe_recompile pc=0x0000000002920894 method=java.util.AbstractCollection.toArray([Ljava/lang/Object;)[Ljava/lang/Object; @ 49

Classes redefined (6 events):
Event: 89.937 Thread 0x000000001c23a000 redefined class name=com.indus.training.persist.dao.impl.EmployeeDAO, count=1
Event: 97.752 Thread 0x000000001c23a000 redefined class name=com.indus.training.persist.dao.impl.EmployeeDAO, count=2
Event: 127.027 Thread 0x000000001c23a000 redefined class name=com.indus.training.persist.dao.impl.EmployeeDAO, count=3
Event: 132.747 Thread 0x000000001c23a000 redefined class name=com.indus.training.persist.dao.impl.EmployeeDAO, count=4
Event: 147.746 Thread 0x000000001c23a000 redefined class name=com.indus.training.persist.dao.impl.EmployeeDAO, count=5
Event: 218.299 Thread 0x000000001c23a000 redefined class name=com.indus.training.persist.dao.impl.EmployeeDAO, count=6

Internal exceptions (10 events):
Event: 16.661 Thread 0x0000000020c41800 Exception <a 'java/lang/ClassNotFoundException': org/springframework/context/support/LiveBeansView> (0x000000076b8c3438) thrown at [C:\re\workspace\8-2-build-windows-amd64-cygwin\jdk8u211\12973\hotspot\src\share\vm\classfile\systemDictionary.cpp, line 210
Event: 16.662 Thread 0x0000000020c41800 Exception <a 'java/lang/ClassNotFoundException': org/springframework/boot/actuate/endpoint/jmx/EndpointMBean> (0x000000076b8e40e0) thrown at [C:\re\workspace\8-2-build-windows-amd64-cygwin\jdk8u211\12973\hotspot\src\share\vm\classfile\systemDictionary.cpp
Event: 16.665 Thread 0x0000000020c41800 Exception <a 'java/lang/ClassNotFoundException': org/springframework/boot/actuate/endpoint/jmx/DataEndpointMBean> (0x000000076b91fbf0) thrown at [C:\re\workspace\8-2-build-windows-amd64-cygwin\jdk8u211\12973\hotspot\src\share\vm\classfile\systemDictionary
Event: 16.667 Thread 0x0000000020c41800 Exception <a 'java/lang/ClassNotFoundException': org/springframework/context/support/LiveBeansView> (0x000000076b940a70) thrown at [C:\re\workspace\8-2-build-windows-amd64-cygwin\jdk8u211\12973\hotspot\src\share\vm\classfile\systemDictionary.cpp, line 210
Event: 16.667 Thread 0x0000000020c41800 Exception <a 'java/lang/ClassNotFoundException': org/springframework/boot/actuate/endpoint/jmx/EndpointMBean> (0x000000076b940dd8) thrown at [C:\re\workspace\8-2-build-windows-amd64-cygwin\jdk8u211\12973\hotspot\src\share\vm\classfile\systemDictionary.cpp
Event: 16.667 Thread 0x0000000020c41800 Exception <a 'java/lang/ClassNotFoundException': org/springframework/boot/actuate/endpoint/jmx/DataEndpointMBean> (0x000000076b941330) thrown at [C:\re\workspace\8-2-build-windows-amd64-cygwin\jdk8u211\12973\hotspot\src\share\vm\classfile\systemDictionary
Event: 16.667 Thread 0x0000000020c41800 Exception <a 'java/lang/ClassNotFoundException': org/springframework/context/support/LiveBeansView> (0x000000076b941870) thrown at [C:\re\workspace\8-2-build-windows-amd64-cygwin\jdk8u211\12973\hotspot\src\share\vm\classfile\systemDictionary.cpp, line 210
Event: 16.667 Thread 0x0000000020c41800 Exception <a 'java/lang/ClassNotFoundException': org/springframework/boot/actuate/endpoint/jmx/EndpointMBean> (0x000000076b941bc8) thrown at [C:\re\workspace\8-2-build-windows-amd64-cygwin\jdk8u211\12973\hotspot\src\share\vm\classfile\systemDictionary.cpp
Event: 16.668 Thread 0x0000000020c41800 Exception <a 'java/lang/ClassNotFoundException': org/springframework/boot/actuate/endpoint/jmx/DataEndpointMBean> (0x000000076b942110) thrown at [C:\re\workspace\8-2-build-windows-amd64-cygwin\jdk8u211\12973\hotspot\src\share\vm\classfile\systemDictionary
Event: 16.668 Thread 0x0000000020c41800 Exception <a 'java/lang/ClassNotFoundException': org/springframework/context/support/LiveBeansView> (0x000000076b942640) thrown at [C:\re\workspace\8-2-build-windows-amd64-cygwin\jdk8u211\12973\hotspot\src\share\vm\classfile\systemDictionary.cpp, line 210

Events (10 events):
Event: 272.656 Executing VM operation: GetOwnedMonitorInfo done
Event: 277.507 Executing VM operation: GetCurrentContendedMonitor
Event: 277.507 Executing VM operation: GetCurrentContendedMonitor done
Event: 277.507 Executing VM operation: GetOwnedMonitorInfo
Event: 277.508 Executing VM operation: GetOwnedMonitorInfo done
Event: 277.743 Executing VM operation: GetOwnedMonitorInfo
Event: 277.743 Executing VM operation: GetOwnedMonitorInfo done
Event: 277.743 Executing VM operation: GetCurrentContendedMonitor
Event: 277.743 Executing VM operation: GetCurrentContendedMonitor done
Event: 282.663 Executing VM operation: GetOrSetLocal


Dynamic libraries:
0x00007ff7e8ac0000 - 0x00007ff7e8af7000 	C:\Program Files\Java\jdk1.8.0_211\bin\javaw.exe
0x00007ffab3940000 - 0x00007ffab3b30000 	C:\WINDOWS\SYSTEM32\ntdll.dll
0x00007ffab2c50000 - 0x00007ffab2d02000 	C:\WINDOWS\System32\KERNEL32.DLL
0x00007ffab1430000 - 0x00007ffab16d4000 	C:\WINDOWS\System32\KERNELBASE.dll
0x00007ffab3230000 - 0x00007ffab32d3000 	C:\WINDOWS\System32\ADVAPI32.dll
0x00007ffab20d0000 - 0x00007ffab216e000 	C:\WINDOWS\System32\msvcrt.dll
0x00007ffab2fc0000 - 0x00007ffab3057000 	C:\WINDOWS\System32\sechost.dll
0x00007ffab37d0000 - 0x00007ffab38f0000 	C:\WINDOWS\System32\RPCRT4.dll
0x00007ffab2170000 - 0x00007ffab2305000 	C:\WINDOWS\System32\USER32.dll
0x00007ffab18b0000 - 0x00007ffab18d1000 	C:\WINDOWS\System32\win32u.dll
0x00007ffab2520000 - 0x00007ffab2546000 	C:\WINDOWS\System32\GDI32.dll
0x00007ffab1270000 - 0x00007ffab1406000 	C:\WINDOWS\System32\gdi32full.dll
0x00007ffab0a40000 - 0x00007ffab0ade000 	C:\WINDOWS\System32\msvcp_win.dll
0x00007ffab0940000 - 0x00007ffab0a3a000 	C:\WINDOWS\System32\ucrtbase.dll
0x00007ffa9c1f0000 - 0x00007ffa9c474000 	C:\WINDOWS\WinSxS\amd64_microsoft.windows.common-controls_6595b64144ccf1df_6.0.18362.1016_none_9e7a36bbe461dae4\COMCTL32.dll
0x00007ffab3490000 - 0x00007ffab37c5000 	C:\WINDOWS\System32\combase.dll
0x00007ffab1830000 - 0x00007ffab18b0000 	C:\WINDOWS\System32\bcryptPrimitives.dll
0x00007ffab2ee0000 - 0x00007ffab2f0e000 	C:\WINDOWS\System32\IMM32.DLL
0x000000006de90000 - 0x000000006df62000 	C:\Program Files\Java\jdk1.8.0_211\jre\bin\msvcr100.dll
0x000000006d5e0000 - 0x000000006de85000 	C:\Program Files\Java\jdk1.8.0_211\jre\bin\server\jvm.dll
0x00007ffab38f0000 - 0x00007ffab38f8000 	C:\WINDOWS\System32\PSAPI.DLL
0x00007ffaa8410000 - 0x00007ffaa841a000 	C:\WINDOWS\SYSTEM32\VERSION.dll
0x00007ffaab390000 - 0x00007ffaab3b4000 	C:\WINDOWS\SYSTEM32\WINMM.dll
0x00007ffa990d0000 - 0x00007ffa990d9000 	C:\WINDOWS\SYSTEM32\WSOCK32.dll
0x00007ffab2e70000 - 0x00007ffab2edf000 	C:\WINDOWS\System32\WS2_32.dll
0x00007ffaab360000 - 0x00007ffaab38d000 	C:\WINDOWS\SYSTEM32\WINMMBASE.dll
0x00007ffab08c0000 - 0x00007ffab090a000 	C:\WINDOWS\System32\cfgmgr32.dll
0x00007ffa96950000 - 0x00007ffa9695f000 	C:\Program Files\Java\jdk1.8.0_211\jre\bin\verify.dll
0x00007ffa87360000 - 0x00007ffa87389000 	C:\Program Files\Java\jdk1.8.0_211\jre\bin\java.dll
0x00007ffa93200000 - 0x00007ffa93235000 	C:\Program Files\Java\jdk1.8.0_211\jre\bin\jdwp.dll
0x00007ffaad490000 - 0x00007ffaad498000 	C:\Program Files\Java\jdk1.8.0_211\jre\bin\npt.dll
0x00007ffa927f0000 - 0x00007ffa92813000 	C:\Program Files\Java\jdk1.8.0_211\jre\bin\instrument.dll
0x00007ffa93260000 - 0x00007ffa93276000 	C:\Program Files\Java\jdk1.8.0_211\jre\bin\zip.dll
0x00007ffab2550000 - 0x00007ffab2c37000 	C:\WINDOWS\System32\SHELL32.dll
0x00007ffab1e80000 - 0x00007ffab1f29000 	C:\WINDOWS\System32\shcore.dll
0x00007ffab0ae0000 - 0x00007ffab1262000 	C:\WINDOWS\System32\windows.storage.dll
0x00007ffab0870000 - 0x00007ffab0893000 	C:\WINDOWS\System32\profapi.dll
0x00007ffab0820000 - 0x00007ffab086a000 	C:\WINDOWS\System32\powrprof.dll
0x00007ffab07f0000 - 0x00007ffab0800000 	C:\WINDOWS\System32\UMPDC.dll
0x00007ffab31d0000 - 0x00007ffab3222000 	C:\WINDOWS\System32\shlwapi.dll
0x00007ffab0800000 - 0x00007ffab0811000 	C:\WINDOWS\System32\kernel.appcore.dll
0x00007ffab1410000 - 0x00007ffab1427000 	C:\WINDOWS\System32\cryptsp.dll
0x00007ffaac2a0000 - 0x00007ffaac2a9000 	C:\Program Files\Java\jdk1.8.0_211\jre\bin\dt_socket.dll
0x00007ffa8ff10000 - 0x00007ffa8ff26000 	C:\WINDOWS\system32\napinsp.dll
0x00007ffa8f7f0000 - 0x00007ffa8f80a000 	C:\WINDOWS\system32\pnrpnsp.dll
0x00007ffab0050000 - 0x00007ffab00b7000 	C:\WINDOWS\System32\mswsock.dll
0x00007ffaafda0000 - 0x00007ffaafe6b000 	C:\WINDOWS\SYSTEM32\DNSAPI.dll
0x00007ffab2c40000 - 0x00007ffab2c48000 	C:\WINDOWS\System32\NSI.dll
0x00007ffaafd00000 - 0x00007ffaafd3a000 	C:\WINDOWS\SYSTEM32\IPHLPAPI.DLL
0x00007ffaa5ab0000 - 0x00007ffaa5abe000 	C:\WINDOWS\System32\winrnr.dll
0x00007ffaad3e0000 - 0x00007ffaad3fc000 	C:\WINDOWS\system32\NLAapi.dll
0x00007ffaac280000 - 0x00007ffaac295000 	C:\WINDOWS\system32\wshbth.dll
0x00007ffaaa880000 - 0x00007ffaaa8f7000 	C:\WINDOWS\System32\fwpuclnt.dll
0x00007ffab0910000 - 0x00007ffab0936000 	C:\WINDOWS\System32\bcrypt.dll
0x00007ffaab160000 - 0x00007ffaab16a000 	C:\Windows\System32\rasadhlp.dll
0x00007ffa87310000 - 0x00007ffa8732a000 	C:\Program Files\Java\jdk1.8.0_211\jre\bin\net.dll
0x00007ffaa71d0000 - 0x00007ffaa73a6000 	C:\WINDOWS\SYSTEM32\urlmon.dll
0x00007ffaa5c90000 - 0x00007ffaa5f36000 	C:\WINDOWS\SYSTEM32\iertutil.dll
0x00007ffab0220000 - 0x00007ffab022c000 	C:\WINDOWS\SYSTEM32\CRYPTBASE.DLL
0x00007ffa8a440000 - 0x00007ffa8a44d000 	C:\Program Files\Java\jdk1.8.0_211\jre\bin\management.dll
0x00007ffa872f0000 - 0x00007ffa87302000 	C:\Program Files\Java\jdk1.8.0_211\jre\bin\nio.dll
0x00007ffaafb60000 - 0x00007ffaafb93000 	C:\WINDOWS\system32\rsaenh.dll
0x00007ffab0710000 - 0x00007ffab0735000 	C:\WINDOWS\SYSTEM32\USERENV.dll
0x00007ffaaad50000 - 0x00007ffaaad66000 	C:\WINDOWS\SYSTEM32\dhcpcsvc6.DLL
0x00007ffaab2d0000 - 0x00007ffaab2ec000 	C:\WINDOWS\SYSTEM32\dhcpcsvc.DLL

VM Arguments:
jvm_args: -agentlib:jdwp=transport=dt_socket,suspend=y,address=localhost:50671 -ea -javaagent:C:\Java Training\sts-4.2.1.RELEASE\configuration\org.eclipse.osgi\235\0\.cp\lib\javaagent-shaded.jar -Dfile.encoding=UTF-8 
java_command: org.eclipse.jdt.internal.junit.runner.RemoteTestRunner -version 3 -port 50670 -testLoaderClass org.eclipse.jdt.internal.junit4.runner.JUnit4TestLoader -loaderpluginname org.eclipse.jdt.junit4.runtime -classNames com.indus.training.persist.dao.TestEmployeeDAO
java_class_path (initial): C:\IndusTraining\Advanced Java\7.JPA\JPAEmployee\target\test-classes;C:\IndusTraining\Advanced Java\7.JPA\JPAEmployee\target\classes;C:\Java Training\sts-4.2.1.RELEASE\plugins\org.junit_4.12.0.v201504281640\junit.jar;C:\Java Training\sts-4.2.1.RELEASE\plugins\org.hamcrest.core_1.3.0.v20180420-1519.jar;C:\Users\Aniket\.m2\repository\org\hibernate\hibernate-core\5.4.3.Final\hibernate-core-5.4.3.Final.jar;C:\Users\Aniket\.m2\repository\org\jboss\logging\jboss-logging\3.3.2.Final\jboss-logging-3.3.2.Final.jar;C:\Users\Aniket\.m2\repository\javax\persistence\javax.persistence-api\2.2\javax.persistence-api-2.2.jar;C:\Users\Aniket\.m2\repository\org\javassist\javassist\3.24.0-GA\javassist-3.24.0-GA.jar;C:\Users\Aniket\.m2\repository\net\bytebuddy\byte-buddy\1.9.10\byte-buddy-1.9.10.jar;C:\Users\Aniket\.m2\repository\antlr\antlr\2.7.7\antlr-2.7.7.jar;C:\Users\Aniket\.m2\repository\org\jboss\spec\javax\transaction\jboss-transaction-api_1.2_spec\1.1.1.Final\jboss-transaction-api_1.2_spec-1.1.1.Final.jar;C:\Users\Aniket\.m2\repository\org\jboss\jandex\2.0.5.Final\jandex-2.0.5.Final.jar;C:\Users\Aniket\.m2\repository\com\fasterxml\classmate\1.3.4\classmate-1.3.4.jar;C:\Users\Aniket\.m2\repository\javax\activation\javax.activation-api\1.2.0\javax.activation-api-1.2.0.jar;C:\Users\Aniket\.m2\repository\org\dom4j\dom4j\2.1.1\dom4j-2.1.1.jar;C:\Users\Aniket\.m2\repository\org\hibernate\common\hibernate-commons-annotations\5.1.0.Final\hibernate-commons-annotations-5.1.0.Final.jar;C:\Users\Aniket\.m2\repository\javax\xml\bind\jaxb-api\2.3.1\jaxb-api-2.3.1.jar;C:\Users\Aniket\.m2\repository\org\glassfish\jaxb\jaxb-runtime\2.3.1\jaxb-runtime-2.3.1.jar;C:\Users\Aniket\.m2\repository\org\glassfish\jaxb\txw2\2.3.1\txw2-2.3.1.jar;C:\Users\Aniket\.m2\repository\com\sun\istack\istack-commons-runtime\3.0.7\istack-commons-runtime-3.0.7.jar;C:\Users\Aniket\.m2\repository\org\jvnet\staxex\stax-ex\1.8\stax-ex-1.8.jar;C:\Users\Aniket\.m2\repository\com\sun\xml\fastinfo
Launcher Type: SUN_STANDARD

Environment Variables:
JAVA_HOME=C:\Program Files\Java\jdk1.8.0_211
CLASSPATH=C:\Program Files\Java\jre1.8.0_211\lib\rt.jar
PATH=C:\Program Files\Java\jdk1.8.0_211\jre\bin;C:/Program Files/Java/jre1.8.0_211/bin/server;C:/Program Files/Java/jre1.8.0_211/bin;C:/Program Files/Java/jre1.8.0_211/lib/amd64;C:\Program Files (x86)\Common Files\Oracle\Java\javapath;C:\ProgramData\Oracle\Java\javapath;C:\Program Files (x86)\Intel\iCLS Client\;C:\Program Files\Intel\iCLS Client\;C:\Windows\system32;C:\Windows;C:\Windows\System32\Wbem;C:\Windows\System32\WindowsPowerShell\v1.0\;C:\Users\Aniket\AppData\Local\Microsoft\WindowsApps;C:\Program Files (x86)\GtkSharp\2.12\bin;C:\WINDOWS\system32;C:\WINDOWS;C:\WINDOWS\System32\Wbem;C:\WINDOWS\System32\WindowsPowerShell\v1.0\;C:\Users\Aniket\AppData\Local\Android\Sdk\platform-tools;C:\Program Files\Geth;C:\ProgramData\chocolatey\bin;C:\Program Files\Git\cmd;C:\tools\go\bin;C:\WINDOWS\System32\OpenSSH\;C:\Program Files\Java\jdk1.8.0_211\bin;C:\Program Files\apache-maven-3.6.1\bin;C:\Program Files\apache-ant-1.10.6\bin;C:\Program Files\MySQL\MySQL Shell 8.0\bin\;C:\Users\Aniket\AppData\Local\Microsoft\WindowsApps;C:\Java Training\sts-4.2.1.RELEASE;
USERNAME=Aniket
OS=Windows_NT
PROCESSOR_IDENTIFIER=Intel64 Family 6 Model 94 Stepping 3, GenuineIntel



---------------  S Y S T E M  ---------------

OS: Windows 10.0 , 64 bit Build 18362 (10.0.18362.959)

CPU:total 8 (initial active 8) (4 cores per cpu, 2 threads per core) family 6 model 94 stepping 3, cmov, cx8, fxsr, mmx, sse, sse2, sse3, ssse3, sse4.1, sse4.2, popcnt, avx, avx2, aes, clmul, erms, rtm, 3dnowpref, lzcnt, ht, tsc, tscinvbit, bmi1, bmi2, adx

Memory: 4k page, physical 16671224k(10706836k free), swap 19161592k(9302720k free)

vm_info: Java HotSpot(TM) 64-Bit Server VM (25.211-b12) for windows-amd64 JRE (1.8.0_211-b12), built on Apr  1 2019 20:53:26 by "java_re" with MS VC++ 10.0 (VS2010)

time: Thu Aug 13 13:26:10 2020
timezone: Central Summer Time
elapsed time: 282 seconds (0d 0h 4m 42s)

